<?xml version="1.0" encoding="UTF-8"?>
<!-- Generated by org.testng.reporters.JUnitXMLReporter -->
<testsuite ignored="0" hostname="LTIN192876" failures="1" tests="21" name="chrometest" time="146.676" errors="0" timestamp="2024-03-07T13:30:05 IST">
  <testcase classname="TestCases.MainTestClass" name="courseSearch" time="13.576"/>
  <testcase classname="TestCases.MainTestClass" name="pageInfo" time="5.399"/>
  <testcase classname="TestCases.MainTestClass" name="languageFilter" time="0.838"/>
  <testcase classname="TestCases.MainTestClass" name="levelFilter" time="0.358"/>
  <testcase classname="TestCases.MainTestClass" name="courseResult" time="15.084">
    <failure type="java.lang.IndexOutOfBoundsException" message="Index 0 out of bounds for length 0">
      <![CDATA[java.lang.IndexOutOfBoundsException: Index 0 out of bounds for length 0
at java.base/jdk.internal.util.Preconditions.outOfBounds(Preconditions.java:64)
at java.base/jdk.internal.util.Preconditions.outOfBoundsCheckIndex(Preconditions.java:70)
at java.base/jdk.internal.util.Preconditions.checkIndex(Preconditions.java:266)
at java.base/java.util.Objects.checkIndex(Objects.java:361)
at java.base/java.util.ArrayList.get(ArrayList.java:427)
at PageObjects.WebDevelopPage.CourseName(WebDevelopPage.java:62)
at TestCases.MainTestClass.courseResult(MainTestClass.java:63)
at java.base/java.util.ArrayList.forEach(ArrayList.java:1511)
at java.base/java.util.concurrent.FutureTask.run(FutureTask.java:264)
at java.base/java.util.concurrent.ThreadPoolExecutor.runWorker(ThreadPoolExecutor.java:1136)
at java.base/java.util.concurrent.ThreadPoolExecutor$Worker.run(ThreadPoolExecutor.java:635)
at java.base/java.lang.Thread.run(Thread.java:840)
... Removed 17 stack frames]]>
    </failure>
  </testcase> <!-- courseResult -->
  <testcase classname="TestCases.MainTestClass" name="courseRating" time="4.095"/>
  <testcase classname="TestCases.MainTestClass" name="courseDuration" time="5.108"/>
  <testcase classname="TestCases.MainTestClass" name="clearInput" time="3.261"/>
  <testcase classname="TestCases.MainTestClass" name="SendInput" time="10.963"/>
  <testcase classname="TestCases.MainTestClass" name="LanguageFilter" time="1.618"/>
  <testcase classname="TestCases.MainTestClass" name="LanguageResult" time="1.097"/>
  <testcase classname="TestCases.MainTestClass" name="ClickShowMore" time="3.305"/>
  <testcase classname="TestCases.MainTestClass" name="languagecount" time="0.001"/>
  <testcase classname="TestCases.MainTestClass" name="languagelist" time="13.701"/>
  <testcase classname="TestCases.MainTestClass" name="languageLevellist" time="0.695"/>
  <testcase classname="TestCases.MainTestClass" name="navigateHome" time="11.922"/>
  <testcase classname="TestCases.MainTestClass" name="navigateIndustry" time="12.194"/>
  <testcase classname="TestCases.MainTestClass" name="Scroll" time="3.09"/>
  <testcase classname="TestCases.MainTestClass" name="FillFormDetails" time="5.57"/>
  <testcase classname="TestCases.MainTestClass" name="SubmitForm" time="1.122"/>
  <testcase classname="TestCases.MainTestClass" name="GetErrorMsg" time="1.068"/>
</testsuite> <!-- chrometest -->
