<?xml version="1.0" encoding="UTF-8"?>
<!-- Generated by org.testng.reporters.JUnitReportReporter -->
<testsuite hostname="LTIN192876" failures="0" tests="21" name="TestCases.MainTestClass" time="114.065" errors="1" timestamp="2024-03-07T13:30:07 IST" skipped="0">
  <testcase classname="TestCases.MainTestClass" name="courseSearch" time="13.576"/>
  <system-out/>
  <testcase classname="TestCases.MainTestClass" name="pageInfo" time="5.399"/>
  <system-out/>
  <testcase classname="TestCases.MainTestClass" name="languageFilter" time="0.838"/>
  <system-out/>
  <testcase classname="TestCases.MainTestClass" name="levelFilter" time="0.358"/>
  <system-out/>
  <testcase classname="TestCases.MainTestClass" name="courseResult" time="15.084">
    <error message="Index 0 out of bounds for length 0" type="java.lang.IndexOutOfBoundsException">
      <![CDATA[java.lang.IndexOutOfBoundsException: Index 0 out of bounds for length 0
at java.base/jdk.internal.util.Preconditions.outOfBounds(Preconditions.java:64)
at java.base/jdk.internal.util.Preconditions.outOfBoundsCheckIndex(Preconditions.java:70)
at java.base/jdk.internal.util.Preconditions.checkIndex(Preconditions.java:266)
at java.base/java.util.Objects.checkIndex(Objects.java:361)
at java.base/java.util.ArrayList.get(ArrayList.java:427)
at PageObjects.WebDevelopPage.CourseName(WebDevelopPage.java:62)
at TestCases.MainTestClass.courseResult(MainTestClass.java:63)
at java.base/jdk.internal.reflect.NativeMethodAccessorImpl.invoke0(Native Method)
at java.base/jdk.internal.reflect.NativeMethodAccessorImpl.invoke(NativeMethodAccessorImpl.java:77)
at java.base/jdk.internal.reflect.DelegatingMethodAccessorImpl.invoke(DelegatingMethodAccessorImpl.java:43)
at java.base/java.lang.reflect.Method.invoke(Method.java:568)
at org.testng.internal.invokers.MethodInvocationHelper.invokeMethod(MethodInvocationHelper.java:139)
at org.testng.internal.invokers.TestInvoker.invokeMethod(TestInvoker.java:677)
at org.testng.internal.invokers.TestInvoker.invokeTestMethod(TestInvoker.java:221)
at org.testng.internal.invokers.MethodRunner.runInSequence(MethodRunner.java:50)
at org.testng.internal.invokers.TestInvoker$MethodInvocationAgent.invoke(TestInvoker.java:969)
at org.testng.internal.invokers.TestInvoker.invokeTestMethods(TestInvoker.java:194)
at org.testng.internal.invokers.TestMethodWorker.invokeTestMethods(TestMethodWorker.java:148)
at org.testng.internal.invokers.TestMethodWorker.run(TestMethodWorker.java:128)
at java.base/java.util.ArrayList.forEach(ArrayList.java:1511)
at org.testng.TestRunner.privateRun(TestRunner.java:829)
at org.testng.TestRunner.run(TestRunner.java:602)
at org.testng.SuiteRunner.runTest(SuiteRunner.java:437)
at org.testng.SuiteRunner$SuiteWorker.run(SuiteRunner.java:475)
at org.testng.internal.thread.ThreadUtil.lambda$execute$0(ThreadUtil.java:58)
at java.base/java.util.concurrent.FutureTask.run(FutureTask.java:264)
at java.base/java.util.concurrent.ThreadPoolExecutor.runWorker(ThreadPoolExecutor.java:1136)
at java.base/java.util.concurrent.ThreadPoolExecutor$Worker.run(ThreadPoolExecutor.java:635)
at java.base/java.lang.Thread.run(Thread.java:840)
]]>
    </error>
  </testcase> <!-- courseResult -->
  <system-out/>
  <testcase classname="TestCases.MainTestClass" name="courseRating" time="4.095"/>
  <system-out/>
  <testcase classname="TestCases.MainTestClass" name="courseDuration" time="5.108"/>
  <system-out/>
  <testcase classname="TestCases.MainTestClass" name="clearInput" time="3.261"/>
  <system-out/>
  <testcase classname="TestCases.MainTestClass" name="SendInput" time="10.963"/>
  <system-out/>
  <testcase classname="TestCases.MainTestClass" name="LanguageFilter" time="1.618"/>
  <system-out/>
  <testcase classname="TestCases.MainTestClass" name="LanguageResult" time="1.097"/>
  <system-out/>
  <testcase classname="TestCases.MainTestClass" name="ClickShowMore" time="3.305"/>
  <system-out/>
  <testcase classname="TestCases.MainTestClass" name="languagecount" time="0.001"/>
  <system-out/>
  <testcase classname="TestCases.MainTestClass" name="languagelist" time="13.701"/>
  <system-out/>
  <testcase classname="TestCases.MainTestClass" name="languageLevellist" time="0.695"/>
  <system-out/>
  <testcase classname="TestCases.MainTestClass" name="navigateHome" time="11.922"/>
  <system-out/>
  <testcase classname="TestCases.MainTestClass" name="navigateIndustry" time="12.194"/>
  <system-out/>
  <testcase classname="TestCases.MainTestClass" name="Scroll" time="3.090"/>
  <system-out/>
  <testcase classname="TestCases.MainTestClass" name="FillFormDetails" time="5.570"/>
  <system-out/>
  <testcase classname="TestCases.MainTestClass" name="SubmitForm" time="1.122"/>
  <system-out/>
  <testcase classname="TestCases.MainTestClass" name="GetErrorMsg" time="1.068"/>
  <system-out/>
</testsuite> <!-- TestCases.MainTestClass -->
